[debug] [2021-11-11T19:29:02.133Z] ----------------------------------------------------------------------
[debug] [2021-11-11T19:29:02.136Z] Command:       C:\Program Files\nodejs\node.exe C:\Users\zabihk8\AppData\Roaming\npm\node_modules\firebase-tools\lib\bin\firebase.js init
[debug] [2021-11-11T19:29:02.137Z] CLI Version:   9.22.0
[debug] [2021-11-11T19:29:02.137Z] Platform:      win32
[debug] [2021-11-11T19:29:02.137Z] Node Version:  v14.17.4
[debug] [2021-11-11T19:29:02.138Z] Time:          Thu Nov 11 2021 11:29:02 GMT-0800 (Pacific Standard Time)
[debug] [2021-11-11T19:29:02.138Z] ----------------------------------------------------------------------
[debug] 
[debug] [2021-11-11T19:29:02.141Z] >>> [apiv2][query] GET https://firebase-public.firebaseio.com/cli.json [none]
[debug] [2021-11-11T19:29:02.163Z] > command requires scopes: ["email","openid","https://www.googleapis.com/auth/cloudplatformprojects.readonly","https://www.googleapis.com/auth/firebase","https://www.googleapis.com/auth/cloud-platform"]
[debug] [2021-11-11T19:29:02.164Z] > authorizing via signed-in user (zabihnezami888@gmail.com)
[info] 
     ######## #### ########  ######## ########     ###     ######  ########
     ##        ##  ##     ## ##       ##     ##  ##   ##  ##       ##
     ######    ##  ########  ######   ########  #########  ######  ######
     ##        ##  ##    ##  ##       ##     ## ##     ##       ## ##
     ##       #### ##     ## ######## ########  ##     ##  ######  ########

You're about to initialize a Firebase project in this directory:

  C:\Users\zabihk8\Desktop\my-learn

[info] 
=== Project Setup
[info] 
[info] First, let's associate this project directory with a Firebase project.
[info] You can create multiple project aliases by running firebase use --add, 
[info] but for now we'll just set up a default project.
[info] 
[debug] [2021-11-11T19:29:10.751Z] >>> [apiv2][query] GET https://firebase.googleapis.com/v1beta1/projects pageSize=100
[debug] [2021-11-11T19:29:12.140Z] Failed to make request: Unexpected token < in JSON at position 0
[debug] [2021-11-11T19:29:12.698Z] FirebaseError: Failed to make request: Unexpected token < in JSON at position 0
    at Client.request (C:\Users\zabihk8\AppData\Roaming\npm\node_modules\firebase-tools\lib\apiv2.js:109:19)
    at processTicksAndRejections (internal/process/task_queues.js:95:5)
    at async getProjectPage (C:\Users\zabihk8\AppData\Roaming\npm\node_modules\firebase-tools\lib\management\projects.js:233:17)
    at async getFirebaseProjectPage (C:\Users\zabihk8\AppData\Roaming\npm\node_modules\firebase-tools\lib\management\projects.js:250:23)
    at async selectProjectInteractively (C:\Users\zabihk8\AppData\Roaming\npm\node_modules\firebase-tools\lib\management\projects.js:95:41)
    at async Object.doSetup [as project] (C:\Users\zabihk8\AppData\Roaming\npm\node_modules\firebase-tools\lib\init\features\project.js:87:27)
    at async init (C:\Users\zabihk8\AppData\Roaming\npm\node_modules\firebase-tools\lib\init\index.js:19:9)
[error] 
[error] Error: Failed to list Firebase projects. See firebase-debug.log for more info.
